2015-09-30 17:18:34,083 INFO [JavaFX Application Thread] gui.Controller - controller started
2015-09-30 17:18:34,099 INFO [JavaFX Application Thread] main.App - JCal-gui loaded successfully
2015-09-30 17:18:42,732 INFO [JavaFX Application Thread] gui.Controller - Yearly payments selected
2015-09-30 17:18:44,380 INFO [JavaFX Application Thread] gui.Controller - Yearly web view selected
2015-09-30 17:19:35,155 INFO [JavaFX Application Thread] gui.Controller - controller started
2015-09-30 17:19:35,172 INFO [JavaFX Application Thread] main.App - JCal-gui loaded successfully
2015-09-30 17:19:41,151 INFO [JavaFX Application Thread] gui.Controller - Yearly payments selected
2015-09-30 17:19:42,764 INFO [JavaFX Application Thread] gui.Controller - Yearly web view selected
2015-09-30 17:23:29,508 INFO [JavaFX Application Thread] gui.Controller - controller started
2015-09-30 17:23:29,522 INFO [JavaFX Application Thread] main.App - JCal-gui loaded successfully
2015-09-30 17:26:39,449 INFO [JavaFX Application Thread] gui.Controller - controller started
2015-09-30 17:26:39,464 INFO [JavaFX Application Thread] main.App - JCal-gui loaded successfully
2015-09-30 17:35:55,159 INFO [JavaFX Application Thread] gui.Controller - controller started
2015-09-30 17:35:55,173 INFO [JavaFX Application Thread] main.App - JCal-gui loaded successfully
2015-09-30 17:39:40,702 INFO [JavaFX Application Thread] gui.Controller - controller started
2015-09-30 17:39:40,717 INFO [JavaFX Application Thread] main.App - JCal-gui loaded successfully
2015-09-30 17:47:00,415 INFO [JavaFX Application Thread] gui.Controller - controller started
2015-09-30 17:47:00,427 INFO [JavaFX Application Thread] main.App - JCal-gui loaded successfully
2015-09-30 17:47:06,579 INFO [JavaFX Application Thread] gui.Controller - Yearly payments selected
2015-09-30 17:47:08,002 INFO [JavaFX Application Thread] gui.Controller - Yearly web view selected
2015-09-30 17:48:48,580 INFO [JavaFX Application Thread] gui.Controller - controller started
2015-09-30 17:48:48,597 INFO [JavaFX Application Thread] main.App - JCal-gui loaded successfully
2015-09-30 17:48:56,815 INFO [JavaFX Application Thread] gui.Controller - Yearly payments selected
2015-09-30 17:48:58,865 INFO [JavaFX Application Thread] gui.Controller - Yearly web view selected
2015-09-30 17:49:04,376 INFO [JavaFX Application Thread] gui.Controller - Monthly payments selected
2015-09-30 17:49:05,981 INFO [JavaFX Application Thread] gui.Controller - Monthly web view selected
2015-10-01 09:48:29,250 INFO [JavaFX Application Thread] gui.Controller - controller started
2015-10-01 09:48:29,266 INFO [JavaFX Application Thread] main.App - JCal-gui loaded successfully
2015-10-01 09:48:34,520 ERROR [JavaFX Application Thread] gui.Controller - values were missing.
2015-10-01 09:48:46,837 INFO [JavaFX Application Thread] gui.Controller - Monthly payments selected
2015-10-01 09:48:49,382 INFO [JavaFX Application Thread] gui.Controller - Monthly web view selected
2015-10-01 10:20:56,527 INFO [JavaFX Application Thread] gui.Controller - controller started
2015-10-01 10:20:56,543 INFO [JavaFX Application Thread] main.App - JCal-gui loaded successfully
2015-10-01 10:21:09,443 INFO [JavaFX Application Thread] gui.Controller - Monthly payments selected
2015-10-01 10:21:11,976 INFO [JavaFX Application Thread] gui.Controller - Monthly web view selected
2015-10-01 10:57:04,022 INFO [JavaFX Application Thread] gui.Controller - controller started
2015-10-01 10:57:04,040 INFO [JavaFX Application Thread] main.App - JCal-gui loaded successfully
2015-10-01 10:57:12,568 INFO [JavaFX Application Thread] gui.Controller - Monthly payments selected
2015-10-01 10:57:15,783 INFO [JavaFX Application Thread] gui.Controller - Monthly web view selected
2015-10-01 10:57:28,885 INFO [JavaFX Application Thread] gui.Controller - Yearly payments selected
2015-10-01 10:57:32,442 INFO [JavaFX Application Thread] gui.Controller - Yearly web view selected
2015-10-01 11:18:16,380 INFO [JavaFX Application Thread] gui.Controller - controller started
2015-10-01 11:18:16,395 INFO [JavaFX Application Thread] main.App - JCal-gui loaded successfully
2015-10-01 11:18:24,651 INFO [JavaFX Application Thread] gui.Controller - Yearly payments selected
2015-10-01 11:18:28,130 INFO [JavaFX Application Thread] gui.Controller - Monthly payments selected
2015-10-01 11:18:30,851 INFO [JavaFX Application Thread] gui.Controller - Monthly web view selected
2015-10-01 11:27:35,187 INFO [JavaFX Application Thread] gui.Controller - controller started
2015-10-01 11:27:35,201 INFO [JavaFX Application Thread] main.App - JCal-gui loaded successfully
2015-10-01 11:27:42,017 INFO [JavaFX Application Thread] gui.Controller - Yearly payments selected
2015-10-01 11:27:45,108 INFO [JavaFX Application Thread] gui.Controller - Monthly payments selected
2015-10-01 11:27:51,860 INFO [JavaFX Application Thread] gui.Controller - Monthly web view selected
2015-10-01 11:29:35,086 INFO [JavaFX Application Thread] gui.Controller - controller started
2015-10-01 11:29:35,103 INFO [JavaFX Application Thread] main.App - JCal-gui loaded successfully
2015-10-01 11:29:44,475 INFO [JavaFX Application Thread] gui.Controller - Monthly payments selected
2015-10-01 11:29:49,862 INFO [JavaFX Application Thread] gui.Controller - Monthly web view selected
